{"/Users/shahab/Documents/Sources/git-projects/aurelia-plugin-skeleton-typescript/src/aurelia-plugin-skeleton-typescript/hello-world.ts": {"path":"/Users/shahab/Documents/Sources/git-projects/aurelia-plugin-skeleton-typescript/src/aurelia-plugin-skeleton-typescript/hello-world.ts","statementMap":{"0":{"start":{"line":1,"column":0},"end":{"line":5,"column":0}},"1":{"start":{"line":3,"column":9},"end":{"line":3,"column":32}},"2":{"start":{"line":5,"column":0},"end":{"line":5,"column":1}},"3":{"start":{"line":1,"column":13},"end":{"line":1,"column":23}}},"fnMap":{"0":{"name":"(anonymous_0)","decl":{"start":{"line":1,"column":0},"end":{"line":null,"column":-1}},"loc":{"start":{"line":1,"column":0},"end":{"line":1,"column":-1}}}},"branchMap":{},"s":{"0":1,"1":1,"2":1,"3":1},"f":{"0":2},"b":{}}
,"/Users/shahab/Documents/Sources/git-projects/aurelia-plugin-skeleton-typescript/test/jest.setup.ts": {"path":"/Users/shahab/Documents/Sources/git-projects/aurelia-plugin-skeleton-typescript/test/jest.setup.ts","statementMap":{"0":{"start":{"line":1,"column":0},"end":{"line":1,"column":27}},"1":{"start":{"line":2,"column":0},"end":{"line":2,"column":47}},"2":{"start":{"line":3,"column":0},"end":{"line":3,"column":46}},"3":{"start":{"line":4,"column":0},"end":{"line":4,"column":28}},"4":{"start":{"line":5,"column":0},"end":{"line":5,"column":53}},"5":{"start":{"line":6,"column":0},"end":{"line":6,"column":12}}},"fnMap":{},"branchMap":{},"s":{"0":1,"1":1,"2":1,"3":1,"4":1,"5":1},"f":{},"b":{}}
}
